<?xml version="1.0" encoding="UTF-8"?>
<!-- Generated by org.testng.reporters.JUnitReportReporter -->
<testsuite hostname="Sreekanth-PC" failures="0" tests="1" name="testCases.TC002_Login" time="1.147" errors="0" timestamp="2024-08-31T12:46:27 IST" skipped="0">
  <testcase classname="testCases.TC002_Login" name="verify_login" time="1.147"/>
</testsuite> <!-- testCases.TC002_Login -->
