<?xml version="1.0" encoding="UTF-8"?>
<!-- Generated by org.testng.reporters.JUnitReportReporter -->
<testsuite hostname="Sreekanth-PC" failures="0" tests="1" name="testCases.TC001_AccountrRgistration" time="3.301" errors="0" timestamp="2024-08-31T12:46:27 IST" skipped="0">
  <testcase classname="testCases.TC001_AccountrRgistration" name="verify_account_registration" time="3.301"/>
</testsuite> <!-- testCases.TC001_AccountrRgistration -->
