<?xml version="1.0" encoding="UTF-8"?>
<!-- Generated by org.testng.reporters.JUnitReportReporter -->
<testsuite hostname="Sreekanth-PC" failures="0" tests="1" name="testCases.TC002_Login" time="0.909" errors="0" timestamp="2024-08-31T16:08:50 IST" skipped="0">
  <testcase classname="testCases.TC002_Login" name="verify_login" time="0.909"/>
</testsuite> <!-- testCases.TC002_Login -->
